d:\users\lenovo\desktop\calculator\calculator\debug\calculator.pch
d:\users\lenovo\desktop\calculator\calculator\debug\vc140.pdb
d:\users\lenovo\desktop\calculator\calculator\debug\vc140.idb
d:\users\lenovo\desktop\calculator\calculator\debug\stdafx.obj
d:\users\lenovo\desktop\calculator\calculator\debug\calculator.obj
d:\users\lenovo\desktop\calculator\calculator\debug\calculatordlg.obj
d:\users\lenovo\desktop\calculator\calculator\debug\cnewcalculatordlg.obj
d:\users\lenovo\desktop\calculator\calculator\debug\calculator.res
d:\users\lenovo\desktop\calculator\calculator\debug\calculator.tlog\cl.command.1.tlog
d:\users\lenovo\desktop\calculator\calculator\debug\calculator.tlog\cl.read.1.tlog
d:\users\lenovo\desktop\calculator\calculator\debug\calculator.tlog\cl.write.1.tlog
d:\users\lenovo\desktop\calculator\calculator\debug\calculator.tlog\link-cvtres.read.1.tlog
d:\users\lenovo\desktop\calculator\calculator\debug\calculator.tlog\link-cvtres.write.1.tlog
d:\users\lenovo\desktop\calculator\calculator\debug\calculator.tlog\link-mt.read.1.tlog
d:\users\lenovo\desktop\calculator\calculator\debug\calculator.tlog\link-mt.write.1.tlog
d:\users\lenovo\desktop\calculator\calculator\debug\calculator.tlog\link-rc.read.1.tlog
d:\users\lenovo\desktop\calculator\calculator\debug\calculator.tlog\link-rc.write.1.tlog
d:\users\lenovo\desktop\calculator\calculator\debug\calculator.tlog\link.command.1.tlog
d:\users\lenovo\desktop\calculator\calculator\debug\calculator.tlog\link.read.1.tlog
d:\users\lenovo\desktop\calculator\calculator\debug\calculator.tlog\link.write.1.tlog
d:\users\lenovo\desktop\calculator\calculator\debug\calculator.tlog\rc.command.1.tlog
d:\users\lenovo\desktop\calculator\calculator\debug\calculator.tlog\rc.read.1.tlog
d:\users\lenovo\desktop\calculator\calculator\debug\calculator.tlog\rc.write.1.tlog
